The target system is: Linux -  - arm
The host system is: Linux - 4.4.0-19041-Microsoft - x86_64
Compiling the C compiler identification source file "CMakeCCompilerId.c" succeeded.
Compiler: /usr/local/toolchain/R328/bin/arm-openwrt-linux-gcc 
Build flags: 
Id flags:  

The output was:
0
arm-openwrt-linux-gnueabi-gcc.bin: warning: environment variable 'STAGING_DIR' not defined
arm-openwrt-linux-gnueabi-gcc.bin: warning: environment variable 'STAGING_DIR' not defined
arm-openwrt-linux-gnueabi-gcc.bin: warning: environment variable 'STAGING_DIR' not defined


Compilation of the C compiler identification source "CMakeCCompilerId.c" produced "a.out"

The C compiler identification is GNU, found in "/mnt/d/blackvision/code/gatt-server/build/CMakeFiles/3.10.2/CompilerIdC/a.out"

Compiling the CXX compiler identification source file "CMakeCXXCompilerId.cpp" succeeded.
Compiler: /usr/local/toolchain/R328/bin/arm-openwrt-linux-g++ 
Build flags: 
Id flags:  

The output was:
0
arm-openwrt-linux-gnueabi-g++.bin: warning: environment variable 'STAGING_DIR' not defined
arm-openwrt-linux-gnueabi-g++.bin: warning: environment variable 'STAGING_DIR' not defined
arm-openwrt-linux-gnueabi-g++.bin: warning: environment variable 'STAGING_DIR' not defined


Compilation of the CXX compiler identification source "CMakeCXXCompilerId.cpp" produced "a.out"

The CXX compiler identification is GNU, found in "/mnt/d/blackvision/code/gatt-server/build/CMakeFiles/3.10.2/CompilerIdCXX/a.out"

Determining if the C compiler works passed with the following output:
Change Dir: /mnt/d/blackvision/code/gatt-server/build/CMakeFiles/CMakeTmp

Run Build Command:"/usr/bin/make" "cmTC_0616e/fast"
/usr/bin/make -f CMakeFiles/cmTC_0616e.dir/build.make CMakeFiles/cmTC_0616e.dir/build
make[1]: Entering directory '/mnt/d/blackvision/code/gatt-server/build/CMakeFiles/CMakeTmp'
Building C object CMakeFiles/cmTC_0616e.dir/testCCompiler.c.o
/usr/local/toolchain/R328/bin/arm-openwrt-linux-gcc -DR328   -o CMakeFiles/cmTC_0616e.dir/testCCompiler.c.o   -c /mnt/d/blackvision/code/gatt-server/build/CMakeFiles/CMakeTmp/testCCompiler.c
arm-openwrt-linux-gnueabi-gcc.bin: warning: environment variable 'STAGING_DIR' not defined
Linking C executable cmTC_0616e
/usr/bin/cmake -E cmake_link_script CMakeFiles/cmTC_0616e.dir/link.txt --verbose=1
/usr/local/toolchain/R328/bin/arm-openwrt-linux-gcc      -rdynamic CMakeFiles/cmTC_0616e.dir/testCCompiler.c.o  -o cmTC_0616e 
arm-openwrt-linux-gnueabi-gcc.bin: warning: environment variable 'STAGING_DIR' not defined
arm-openwrt-linux-gnueabi-gcc.bin: warning: environment variable 'STAGING_DIR' not defined
make[1]: Leaving directory '/mnt/d/blackvision/code/gatt-server/build/CMakeFiles/CMakeTmp'


Detecting C compiler ABI info compiled with the following output:
Change Dir: /mnt/d/blackvision/code/gatt-server/build/CMakeFiles/CMakeTmp

Run Build Command:"/usr/bin/make" "cmTC_e69f8/fast"
/usr/bin/make -f CMakeFiles/cmTC_e69f8.dir/build.make CMakeFiles/cmTC_e69f8.dir/build
make[1]: Entering directory '/mnt/d/blackvision/code/gatt-server/build/CMakeFiles/CMakeTmp'
Building C object CMakeFiles/cmTC_e69f8.dir/CMakeCCompilerABI.c.o
/usr/local/toolchain/R328/bin/arm-openwrt-linux-gcc -DR328   -o CMakeFiles/cmTC_e69f8.dir/CMakeCCompilerABI.c.o   -c /usr/share/cmake-3.10/Modules/CMakeCCompilerABI.c
arm-openwrt-linux-gnueabi-gcc.bin: warning: environment variable 'STAGING_DIR' not defined
Linking C executable cmTC_e69f8
/usr/bin/cmake -E cmake_link_script CMakeFiles/cmTC_e69f8.dir/link.txt --verbose=1
/usr/local/toolchain/R328/bin/arm-openwrt-linux-gcc     -v -rdynamic CMakeFiles/cmTC_e69f8.dir/CMakeCCompilerABI.c.o  -o cmTC_e69f8 
Reading specs from /usr/local/toolchain/R328/bin/../lib/gcc/arm-openwrt-linux-gnueabi/6.4.1/specs
COLLECT_GCC=arm-openwrt-linux-gnueabi-gcc.bin
COLLECT_LTO_WRAPPER=/usr/local/toolchain/R328/bin/../libexec/gcc/arm-openwrt-linux-gnueabi/6.4.1/lto-wrapper
Target: arm-openwrt-linux-gnueabi
Configured with: /home/caiyongheng/tina/out/astar-parrot/compile_dir/toolchain/gcc-linaro-6.4-2017.11/configure --with-bugurl=https://dev.openwrt.org/ --with-pkgversion='OpenWrt/Linaro GCC 6.4-2017.11 2017-11' --prefix=/home/caiyongheng/tina/out/astar-parrot/staging_dir/toolchain --build=x86_64-linux-gnu --host=x86_64-linux-gnu --target=arm-openwrt-linux-gnueabi --with-gnu-ld --enable-target-optspace --enable-libgomp --disable-libmudflap --disable-multilib --disable-nls --without-isl --without-cloog --with-host-libstdcxx=-lstdc++ --with-gmp=/home/caiyongheng/tina/out/host --with-mpfr=/home/caiyongheng/tina/out/host --with-mpc=/home/caiyongheng/tina/out/host --disable-decimal-float --with-diagnostics-color=auto-if-env --enable-libssp --enable-__cxa_atexit --with-arch=armv7-a --with-float=hard --with-headers=/home/caiyongheng/tina/out/astar-parrot/staging_dir/toolchain/include --disable-libsanitizer --enable-languages=c,c++ --enable-shared --enable-threads --with-slibdir=/home/caiyongheng/tina/out/astar-parrot/staging_dir/toolchain/lib --enable-lto --with-libelf=/home/caiyongheng/tina/out/host
Thread model: posix
gcc version 6.4.1 (OpenWrt/Linaro GCC 6.4-2017.11 2017-11) 
COMPILER_PATH=/usr/local/toolchain/R328/bin/../libexec/gcc/arm-openwrt-linux-gnueabi/6.4.1/:/usr/local/toolchain/R328/bin/../libexec/gcc/:/usr/local/toolchain/R328/bin/../lib/gcc/arm-openwrt-linux-gnueabi/6.4.1/../../../../arm-openwrt-linux-gnueabi/bin/
LIBRARY_PATH=/usr/local/toolchain/R328/bin/../lib/gcc/arm-openwrt-linux-gnueabi/6.4.1/:/usr/local/toolchain/R328/bin/../lib/gcc/:/usr/local/toolchain/R328/bin/../lib/gcc/arm-openwrt-linux-gnueabi/6.4.1/../../../../arm-openwrt-linux-gnueabi/lib/
arm-openwrt-linux-gnueabi-gcc.bin: warning: environment variable 'STAGING_DIR' not defined
arm-openwrt-linux-gnueabi-gcc.bin: warning: environment variable 'STAGING_DIR' not defined
COLLECT_GCC_OPTIONS='-v' '-rdynamic' '-o' 'cmTC_e69f8' '-march=armv7-a' '-mfloat-abi=hard' '-mtls-dialect=gnu'
 /usr/local/toolchain/R328/bin/../libexec/gcc/arm-openwrt-linux-gnueabi/6.4.1/collect2 -plugin /usr/local/toolchain/R328/bin/../libexec/gcc/arm-openwrt-linux-gnueabi/6.4.1/liblto_plugin.so -plugin-opt=/usr/local/toolchain/R328/bin/../libexec/gcc/arm-openwrt-linux-gnueabi/6.4.1/lto-wrapper -plugin-opt=-fresolution=/tmp/ccNJnxyn.res -plugin-opt=-pass-through=-lgcc_s -plugin-opt=-pass-through=-lc -plugin-opt=-pass-through=-lgcc_s --eh-frame-hdr -export-dynamic -dynamic-linker /lib/ld-linux-armhf.so.3 -X -m armelf_linux_eabi -o cmTC_e69f8 /usr/local/toolchain/R328/bin/../lib/gcc/arm-openwrt-linux-gnueabi/6.4.1/../../../../arm-openwrt-linux-gnueabi/lib/crt1.o /usr/local/toolchain/R328/bin/../lib/gcc/arm-openwrt-linux-gnueabi/6.4.1/../../../../arm-openwrt-linux-gnueabi/lib/crti.o /usr/local/toolchain/R328/bin/../lib/gcc/arm-openwrt-linux-gnueabi/6.4.1/crtbegin.o -L /usr/lib -rpath-link /usr/lib -L/usr/local/toolchain/R328/bin/../lib/gcc/arm-openwrt-linux-gnueabi/6.4.1 -L/usr/local/toolchain/R328/bin/../lib/gcc -L/usr/local/toolchain/R328/bin/../lib/gcc/arm-openwrt-linux-gnueabi/6.4.1/../../../../arm-openwrt-linux-gnueabi/lib CMakeFiles/cmTC_e69f8.dir/CMakeCCompilerABI.c.o -lgcc_s -lc -lgcc_s /usr/local/toolchain/R328/bin/../lib/gcc/arm-openwrt-linux-gnueabi/6.4.1/crtend.o /usr/local/toolchain/R328/bin/../lib/gcc/arm-openwrt-linux-gnueabi/6.4.1/../../../../arm-openwrt-linux-gnueabi/lib/crtn.o
COLLECT_GCC_OPTIONS='-v' '-rdynamic' '-o' 'cmTC_e69f8' '-march=armv7-a' '-mfloat-abi=hard' '-mtls-dialect=gnu'
make[1]: Leaving directory '/mnt/d/blackvision/code/gatt-server/build/CMakeFiles/CMakeTmp'


Parsed C implicit link information from above output:
  link line regex: [^( *|.*[/\])(arm-openwrt-linux-ld|CMAKE_LINK_STARTFILE-NOTFOUND|([^/\]+-)?ld|collect2)[^/\]*( |$)]
  ignore line: [Change Dir: /mnt/d/blackvision/code/gatt-server/build/CMakeFiles/CMakeTmp]
  ignore line: []
  ignore line: [Run Build Command:"/usr/bin/make" "cmTC_e69f8/fast"]
  ignore line: [/usr/bin/make -f CMakeFiles/cmTC_e69f8.dir/build.make CMakeFiles/cmTC_e69f8.dir/build]
  ignore line: [make[1]: Entering directory '/mnt/d/blackvision/code/gatt-server/build/CMakeFiles/CMakeTmp']
  ignore line: [Building C object CMakeFiles/cmTC_e69f8.dir/CMakeCCompilerABI.c.o]
  ignore line: [/usr/local/toolchain/R328/bin/arm-openwrt-linux-gcc -DR328   -o CMakeFiles/cmTC_e69f8.dir/CMakeCCompilerABI.c.o   -c /usr/share/cmake-3.10/Modules/CMakeCCompilerABI.c]
  ignore line: [arm-openwrt-linux-gnueabi-gcc.bin: warning: environment variable 'STAGING_DIR' not defined]
  ignore line: [Linking C executable cmTC_e69f8]
  ignore line: [/usr/bin/cmake -E cmake_link_script CMakeFiles/cmTC_e69f8.dir/link.txt --verbose=1]
  ignore line: [/usr/local/toolchain/R328/bin/arm-openwrt-linux-gcc     -v -rdynamic CMakeFiles/cmTC_e69f8.dir/CMakeCCompilerABI.c.o  -o cmTC_e69f8 ]
  ignore line: [Reading specs from /usr/local/toolchain/R328/bin/../lib/gcc/arm-openwrt-linux-gnueabi/6.4.1/specs]
  ignore line: [COLLECT_GCC=arm-openwrt-linux-gnueabi-gcc.bin]
  ignore line: [COLLECT_LTO_WRAPPER=/usr/local/toolchain/R328/bin/../libexec/gcc/arm-openwrt-linux-gnueabi/6.4.1/lto-wrapper]
  ignore line: [Target: arm-openwrt-linux-gnueabi]
  ignore line: [Configured with: /home/caiyongheng/tina/out/astar-parrot/compile_dir/toolchain/gcc-linaro-6.4-2017.11/configure --with-bugurl=https://dev.openwrt.org/ --with-pkgversion='OpenWrt/Linaro GCC 6.4-2017.11 2017-11' --prefix=/home/caiyongheng/tina/out/astar-parrot/staging_dir/toolchain --build=x86_64-linux-gnu --host=x86_64-linux-gnu --target=arm-openwrt-linux-gnueabi --with-gnu-ld --enable-target-optspace --enable-libgomp --disable-libmudflap --disable-multilib --disable-nls --without-isl --without-cloog --with-host-libstdcxx=-lstdc++ --with-gmp=/home/caiyongheng/tina/out/host --with-mpfr=/home/caiyongheng/tina/out/host --with-mpc=/home/caiyongheng/tina/out/host --disable-decimal-float --with-diagnostics-color=auto-if-env --enable-libssp --enable-__cxa_atexit --with-arch=armv7-a --with-float=hard --with-headers=/home/caiyongheng/tina/out/astar-parrot/staging_dir/toolchain/include --disable-libsanitizer --enable-languages=c,c++ --enable-shared --enable-threads --with-slibdir=/home/caiyongheng/tina/out/astar-parrot/staging_dir/toolchain/lib --enable-lto --with-libelf=/home/caiyongheng/tina/out/host]
  ignore line: [Thread model: posix]
  ignore line: [gcc version 6.4.1 (OpenWrt/Linaro GCC 6.4-2017.11 2017-11) ]
  ignore line: [COMPILER_PATH=/usr/local/toolchain/R328/bin/../libexec/gcc/arm-openwrt-linux-gnueabi/6.4.1/:/usr/local/toolchain/R328/bin/../libexec/gcc/:/usr/local/toolchain/R328/bin/../lib/gcc/arm-openwrt-linux-gnueabi/6.4.1/../../../../arm-openwrt-linux-gnueabi/bin/]
  ignore line: [LIBRARY_PATH=/usr/local/toolchain/R328/bin/../lib/gcc/arm-openwrt-linux-gnueabi/6.4.1/:/usr/local/toolchain/R328/bin/../lib/gcc/:/usr/local/toolchain/R328/bin/../lib/gcc/arm-openwrt-linux-gnueabi/6.4.1/../../../../arm-openwrt-linux-gnueabi/lib/]
  ignore line: [arm-openwrt-linux-gnueabi-gcc.bin: warning: environment variable 'STAGING_DIR' not defined]
  ignore line: [arm-openwrt-linux-gnueabi-gcc.bin: warning: environment variable 'STAGING_DIR' not defined]
  ignore line: [COLLECT_GCC_OPTIONS='-v' '-rdynamic' '-o' 'cmTC_e69f8' '-march=armv7-a' '-mfloat-abi=hard' '-mtls-dialect=gnu']
  link line: [ /usr/local/toolchain/R328/bin/../libexec/gcc/arm-openwrt-linux-gnueabi/6.4.1/collect2 -plugin /usr/local/toolchain/R328/bin/../libexec/gcc/arm-openwrt-linux-gnueabi/6.4.1/liblto_plugin.so -plugin-opt=/usr/local/toolchain/R328/bin/../libexec/gcc/arm-openwrt-linux-gnueabi/6.4.1/lto-wrapper -plugin-opt=-fresolution=/tmp/ccNJnxyn.res -plugin-opt=-pass-through=-lgcc_s -plugin-opt=-pass-through=-lc -plugin-opt=-pass-through=-lgcc_s --eh-frame-hdr -export-dynamic -dynamic-linker /lib/ld-linux-armhf.so.3 -X -m armelf_linux_eabi -o cmTC_e69f8 /usr/local/toolchain/R328/bin/../lib/gcc/arm-openwrt-linux-gnueabi/6.4.1/../../../../arm-openwrt-linux-gnueabi/lib/crt1.o /usr/local/toolchain/R328/bin/../lib/gcc/arm-openwrt-linux-gnueabi/6.4.1/../../../../arm-openwrt-linux-gnueabi/lib/crti.o /usr/local/toolchain/R328/bin/../lib/gcc/arm-openwrt-linux-gnueabi/6.4.1/crtbegin.o -L /usr/lib -rpath-link /usr/lib -L/usr/local/toolchain/R328/bin/../lib/gcc/arm-openwrt-linux-gnueabi/6.4.1 -L/usr/local/toolchain/R328/bin/../lib/gcc -L/usr/local/toolchain/R328/bin/../lib/gcc/arm-openwrt-linux-gnueabi/6.4.1/../../../../arm-openwrt-linux-gnueabi/lib CMakeFiles/cmTC_e69f8.dir/CMakeCCompilerABI.c.o -lgcc_s -lc -lgcc_s /usr/local/toolchain/R328/bin/../lib/gcc/arm-openwrt-linux-gnueabi/6.4.1/crtend.o /usr/local/toolchain/R328/bin/../lib/gcc/arm-openwrt-linux-gnueabi/6.4.1/../../../../arm-openwrt-linux-gnueabi/lib/crtn.o]
    arg [/usr/local/toolchain/R328/bin/../libexec/gcc/arm-openwrt-linux-gnueabi/6.4.1/collect2] ==> ignore
    arg [-plugin] ==> ignore
    arg [/usr/local/toolchain/R328/bin/../libexec/gcc/arm-openwrt-linux-gnueabi/6.4.1/liblto_plugin.so] ==> ignore
    arg [-plugin-opt=/usr/local/toolchain/R328/bin/../libexec/gcc/arm-openwrt-linux-gnueabi/6.4.1/lto-wrapper] ==> ignore
    arg [-plugin-opt=-fresolution=/tmp/ccNJnxyn.res] ==> ignore
    arg [-plugin-opt=-pass-through=-lgcc_s] ==> ignore
    arg [-plugin-opt=-pass-through=-lc] ==> ignore
    arg [-plugin-opt=-pass-through=-lgcc_s] ==> ignore
    arg [--eh-frame-hdr] ==> ignore
    arg [-export-dynamic] ==> ignore
    arg [-dynamic-linker] ==> ignore
    arg [/lib/ld-linux-armhf.so.3] ==> ignore
    arg [-X] ==> ignore
    arg [-m] ==> ignore
    arg [armelf_linux_eabi] ==> ignore
    arg [-o] ==> ignore
    arg [cmTC_e69f8] ==> ignore
    arg [/usr/local/toolchain/R328/bin/../lib/gcc/arm-openwrt-linux-gnueabi/6.4.1/../../../../arm-openwrt-linux-gnueabi/lib/crt1.o] ==> ignore
    arg [/usr/local/toolchain/R328/bin/../lib/gcc/arm-openwrt-linux-gnueabi/6.4.1/../../../../arm-openwrt-linux-gnueabi/lib/crti.o] ==> ignore
    arg [/usr/local/toolchain/R328/bin/../lib/gcc/arm-openwrt-linux-gnueabi/6.4.1/crtbegin.o] ==> ignore
    arg [-L/usr/lib] ==> dir [/usr/lib]
    arg [-rpath-link] ==> ignore
    arg [/usr/lib] ==> ignore
    arg [-L/usr/local/toolchain/R328/bin/../lib/gcc/arm-openwrt-linux-gnueabi/6.4.1] ==> dir [/usr/local/toolchain/R328/bin/../lib/gcc/arm-openwrt-linux-gnueabi/6.4.1]
    arg [-L/usr/local/toolchain/R328/bin/../lib/gcc] ==> dir [/usr/local/toolchain/R328/bin/../lib/gcc]
    arg [-L/usr/local/toolchain/R328/bin/../lib/gcc/arm-openwrt-linux-gnueabi/6.4.1/../../../../arm-openwrt-linux-gnueabi/lib] ==> dir [/usr/local/toolchain/R328/bin/../lib/gcc/arm-openwrt-linux-gnueabi/6.4.1/../../../../arm-openwrt-linux-gnueabi/lib]
    arg [CMakeFiles/cmTC_e69f8.dir/CMakeCCompilerABI.c.o] ==> ignore
    arg [-lgcc_s] ==> lib [gcc_s]
    arg [-lc] ==> lib [c]
    arg [-lgcc_s] ==> lib [gcc_s]
    arg [/usr/local/toolchain/R328/bin/../lib/gcc/arm-openwrt-linux-gnueabi/6.4.1/crtend.o] ==> ignore
    arg [/usr/local/toolchain/R328/bin/../lib/gcc/arm-openwrt-linux-gnueabi/6.4.1/../../../../arm-openwrt-linux-gnueabi/lib/crtn.o] ==> ignore
  collapse library dir [/usr/lib] ==> [/usr/lib]
  collapse library dir [/usr/local/toolchain/R328/bin/../lib/gcc/arm-openwrt-linux-gnueabi/6.4.1] ==> [/usr/local/toolchain/R328/lib/gcc/arm-openwrt-linux-gnueabi/6.4.1]
  collapse library dir [/usr/local/toolchain/R328/bin/../lib/gcc] ==> [/usr/local/toolchain/R328/lib/gcc]
  collapse library dir [/usr/local/toolchain/R328/bin/../lib/gcc/arm-openwrt-linux-gnueabi/6.4.1/../../../../arm-openwrt-linux-gnueabi/lib] ==> [/usr/local/toolchain/R328/arm-openwrt-linux-gnueabi/lib]
  implicit libs: [gcc_s;c;gcc_s]
  implicit dirs: [/usr/lib;/usr/local/toolchain/R328/lib/gcc/arm-openwrt-linux-gnueabi/6.4.1;/usr/local/toolchain/R328/lib/gcc;/usr/local/toolchain/R328/arm-openwrt-linux-gnueabi/lib]
  implicit fwks: []




Detecting C [-std=c11] compiler features compiled with the following output:
Change Dir: /mnt/d/blackvision/code/gatt-server/build/CMakeFiles/CMakeTmp

Run Build Command:"/usr/bin/make" "cmTC_0fe01/fast"
/usr/bin/make -f CMakeFiles/cmTC_0fe01.dir/build.make CMakeFiles/cmTC_0fe01.dir/build
make[1]: Entering directory '/mnt/d/blackvision/code/gatt-server/build/CMakeFiles/CMakeTmp'
Building C object CMakeFiles/cmTC_0fe01.dir/feature_tests.c.o
/usr/local/toolchain/R328/bin/arm-openwrt-linux-gcc -DR328  -std=c11 -o CMakeFiles/cmTC_0fe01.dir/feature_tests.c.o   -c /mnt/d/blackvision/code/gatt-server/build/CMakeFiles/feature_tests.c
arm-openwrt-linux-gnueabi-gcc.bin: warning: environment variable 'STAGING_DIR' not defined
Linking C executable cmTC_0fe01
/usr/bin/cmake -E cmake_link_script CMakeFiles/cmTC_0fe01.dir/link.txt --verbose=1
/usr/local/toolchain/R328/bin/arm-openwrt-linux-gcc      -rdynamic CMakeFiles/cmTC_0fe01.dir/feature_tests.c.o  -o cmTC_0fe01 
arm-openwrt-linux-gnueabi-gcc.bin: warning: environment variable 'STAGING_DIR' not defined
arm-openwrt-linux-gnueabi-gcc.bin: warning: environment variable 'STAGING_DIR' not defined
make[1]: Leaving directory '/mnt/d/blackvision/code/gatt-server/build/CMakeFiles/CMakeTmp'


    Feature record: C_FEATURE:1c_function_prototypes
    Feature record: C_FEATURE:1c_restrict
    Feature record: C_FEATURE:1c_static_assert
    Feature record: C_FEATURE:1c_variadic_macros


Detecting C [-std=c99] compiler features compiled with the following output:
Change Dir: /mnt/d/blackvision/code/gatt-server/build/CMakeFiles/CMakeTmp

Run Build Command:"/usr/bin/make" "cmTC_a8938/fast"
/usr/bin/make -f CMakeFiles/cmTC_a8938.dir/build.make CMakeFiles/cmTC_a8938.dir/build
make[1]: Entering directory '/mnt/d/blackvision/code/gatt-server/build/CMakeFiles/CMakeTmp'
Building C object CMakeFiles/cmTC_a8938.dir/feature_tests.c.o
/usr/local/toolchain/R328/bin/arm-openwrt-linux-gcc -DR328  -std=c99 -o CMakeFiles/cmTC_a8938.dir/feature_tests.c.o   -c /mnt/d/blackvision/code/gatt-server/build/CMakeFiles/feature_tests.c
arm-openwrt-linux-gnueabi-gcc.bin: warning: environment variable 'STAGING_DIR' not defined
Linking C executable cmTC_a8938
/usr/bin/cmake -E cmake_link_script CMakeFiles/cmTC_a8938.dir/link.txt --verbose=1
/usr/local/toolchain/R328/bin/arm-openwrt-linux-gcc      -rdynamic CMakeFiles/cmTC_a8938.dir/feature_tests.c.o  -o cmTC_a8938 
arm-openwrt-linux-gnueabi-gcc.bin: warning: environment variable 'STAGING_DIR' not defined
arm-openwrt-linux-gnueabi-gcc.bin: warning: environment variable 'STAGING_DIR' not defined
make[1]: Leaving directory '/mnt/d/blackvision/code/gatt-server/build/CMakeFiles/CMakeTmp'


    Feature record: C_FEATURE:1c_function_prototypes
    Feature record: C_FEATURE:1c_restrict
    Feature record: C_FEATURE:0c_static_assert
    Feature record: C_FEATURE:1c_variadic_macros


Detecting C [-std=c90] compiler features compiled with the following output:
Change Dir: /mnt/d/blackvision/code/gatt-server/build/CMakeFiles/CMakeTmp

Run Build Command:"/usr/bin/make" "cmTC_b455a/fast"
/usr/bin/make -f CMakeFiles/cmTC_b455a.dir/build.make CMakeFiles/cmTC_b455a.dir/build
make[1]: Entering directory '/mnt/d/blackvision/code/gatt-server/build/CMakeFiles/CMakeTmp'
Building C object CMakeFiles/cmTC_b455a.dir/feature_tests.c.o
/usr/local/toolchain/R328/bin/arm-openwrt-linux-gcc -DR328  -std=c90 -o CMakeFiles/cmTC_b455a.dir/feature_tests.c.o   -c /mnt/d/blackvision/code/gatt-server/build/CMakeFiles/feature_tests.c
arm-openwrt-linux-gnueabi-gcc.bin: warning: environment variable 'STAGING_DIR' not defined
Linking C executable cmTC_b455a
/usr/bin/cmake -E cmake_link_script CMakeFiles/cmTC_b455a.dir/link.txt --verbose=1
/usr/local/toolchain/R328/bin/arm-openwrt-linux-gcc      -rdynamic CMakeFiles/cmTC_b455a.dir/feature_tests.c.o  -o cmTC_b455a 
arm-openwrt-linux-gnueabi-gcc.bin: warning: environment variable 'STAGING_DIR' not defined
arm-openwrt-linux-gnueabi-gcc.bin: warning: environment variable 'STAGING_DIR' not defined
make[1]: Leaving directory '/mnt/d/blackvision/code/gatt-server/build/CMakeFiles/CMakeTmp'


    Feature record: C_FEATURE:1c_function_prototypes
    Feature record: C_FEATURE:0c_restrict
    Feature record: C_FEATURE:0c_static_assert
    Feature record: C_FEATURE:0c_variadic_macros
Determining if the CXX compiler works passed with the following output:
Change Dir: /mnt/d/blackvision/code/gatt-server/build/CMakeFiles/CMakeTmp

Run Build Command:"/usr/bin/make" "cmTC_10f08/fast"
/usr/bin/make -f CMakeFiles/cmTC_10f08.dir/build.make CMakeFiles/cmTC_10f08.dir/build
make[1]: Entering directory '/mnt/d/blackvision/code/gatt-server/build/CMakeFiles/CMakeTmp'
Building CXX object CMakeFiles/cmTC_10f08.dir/testCXXCompiler.cxx.o
/usr/local/toolchain/R328/bin/arm-openwrt-linux-g++  -DR328   -o CMakeFiles/cmTC_10f08.dir/testCXXCompiler.cxx.o -c /mnt/d/blackvision/code/gatt-server/build/CMakeFiles/CMakeTmp/testCXXCompiler.cxx
arm-openwrt-linux-gnueabi-g++.bin: warning: environment variable 'STAGING_DIR' not defined
Linking CXX executable cmTC_10f08
/usr/bin/cmake -E cmake_link_script CMakeFiles/cmTC_10f08.dir/link.txt --verbose=1
/usr/local/toolchain/R328/bin/arm-openwrt-linux-g++       -rdynamic CMakeFiles/cmTC_10f08.dir/testCXXCompiler.cxx.o  -o cmTC_10f08 
arm-openwrt-linux-gnueabi-g++.bin: warning: environment variable 'STAGING_DIR' not defined
arm-openwrt-linux-gnueabi-g++.bin: warning: environment variable 'STAGING_DIR' not defined
make[1]: Leaving directory '/mnt/d/blackvision/code/gatt-server/build/CMakeFiles/CMakeTmp'


Detecting CXX compiler ABI info compiled with the following output:
Change Dir: /mnt/d/blackvision/code/gatt-server/build/CMakeFiles/CMakeTmp

Run Build Command:"/usr/bin/make" "cmTC_912b9/fast"
/usr/bin/make -f CMakeFiles/cmTC_912b9.dir/build.make CMakeFiles/cmTC_912b9.dir/build
make[1]: Entering directory '/mnt/d/blackvision/code/gatt-server/build/CMakeFiles/CMakeTmp'
Building CXX object CMakeFiles/cmTC_912b9.dir/CMakeCXXCompilerABI.cpp.o
/usr/local/toolchain/R328/bin/arm-openwrt-linux-g++  -DR328   -o CMakeFiles/cmTC_912b9.dir/CMakeCXXCompilerABI.cpp.o -c /usr/share/cmake-3.10/Modules/CMakeCXXCompilerABI.cpp
arm-openwrt-linux-gnueabi-g++.bin: warning: environment variable 'STAGING_DIR' not defined
Linking CXX executable cmTC_912b9
/usr/bin/cmake -E cmake_link_script CMakeFiles/cmTC_912b9.dir/link.txt --verbose=1
/usr/local/toolchain/R328/bin/arm-openwrt-linux-g++      -v -rdynamic CMakeFiles/cmTC_912b9.dir/CMakeCXXCompilerABI.cpp.o  -o cmTC_912b9 
Reading specs from /usr/local/toolchain/R328/bin/../lib/gcc/arm-openwrt-linux-gnueabi/6.4.1/specs
COLLECT_GCC=arm-openwrt-linux-gnueabi-g++.bin
COLLECT_LTO_WRAPPER=/usr/local/toolchain/R328/bin/../libexec/gcc/arm-openwrt-linux-gnueabi/6.4.1/lto-wrapper
Target: arm-openwrt-linux-gnueabi
Configured with: /home/caiyongheng/tina/out/astar-parrot/compile_dir/toolchain/gcc-linaro-6.4-2017.11/configure --with-bugurl=https://dev.openwrt.org/ --with-pkgversion='OpenWrt/Linaro GCC 6.4-2017.11 2017-11' --prefix=/home/caiyongheng/tina/out/astar-parrot/staging_dir/toolchain --build=x86_64-linux-gnu --host=x86_64-linux-gnu --target=arm-openwrt-linux-gnueabi --with-gnu-ld --enable-target-optspace --enable-libgomp --disable-libmudflap --disable-multilib --disable-nls --without-isl --without-cloog --with-host-libstdcxx=-lstdc++ --with-gmp=/home/caiyongheng/tina/out/host --with-mpfr=/home/caiyongheng/tina/out/host --with-mpc=/home/caiyongheng/tina/out/host --disable-decimal-float --with-diagnostics-color=auto-if-env --enable-libssp --enable-__cxa_atexit --with-arch=armv7-a --with-float=hard --with-headers=/home/caiyongheng/tina/out/astar-parrot/staging_dir/toolchain/include --disable-libsanitizer --enable-languages=c,c++ --enable-shared --enable-threads --with-slibdir=/home/caiyongheng/tina/out/astar-parrot/staging_dir/toolchain/lib --enable-lto --with-libelf=/home/caiyongheng/tina/out/host
Thread model: posix
gcc version 6.4.1 (OpenWrt/Linaro GCC 6.4-2017.11 2017-11) 
COMPILER_PATH=/usr/local/toolchain/R328/bin/../libexec/gcc/arm-openwrt-linux-gnueabi/6.4.1/:/usr/local/toolchain/R328/bin/../libexec/gcc/:/usr/local/toolchain/R328/bin/../lib/gcc/arm-openwrt-linux-gnueabi/6.4.1/../../../../arm-openwrt-linux-gnueabi/bin/
LIBRARY_PATH=/usr/local/toolchain/R328/bin/../lib/gcc/arm-openwrt-linux-gnueabi/6.4.1/:/usr/local/toolchain/R328/bin/../lib/gcc/:/usr/local/toolchain/R328/bin/../lib/gcc/arm-openwrt-linux-gnueabi/6.4.1/../../../../arm-openwrt-linux-gnueabi/lib/
arm-openwrt-linux-gnueabi-g++.bin: warning: environment variable 'STAGING_DIR' not defined
arm-openwrt-linux-gnueabi-g++.bin: warning: environment variable 'STAGING_DIR' not defined
COLLECT_GCC_OPTIONS='-v' '-rdynamic' '-o' 'cmTC_912b9' '-shared-libgcc' '-march=armv7-a' '-mfloat-abi=hard' '-mtls-dialect=gnu'
 /usr/local/toolchain/R328/bin/../libexec/gcc/arm-openwrt-linux-gnueabi/6.4.1/collect2 -plugin /usr/local/toolchain/R328/bin/../libexec/gcc/arm-openwrt-linux-gnueabi/6.4.1/liblto_plugin.so -plugin-opt=/usr/local/toolchain/R328/bin/../libexec/gcc/arm-openwrt-linux-gnueabi/6.4.1/lto-wrapper -plugin-opt=-fresolution=/tmp/ccdMhAEE.res -plugin-opt=-pass-through=-lgcc_s -plugin-opt=-pass-through=-lc -plugin-opt=-pass-through=-lgcc_s --eh-frame-hdr -export-dynamic -dynamic-linker /lib/ld-linux-armhf.so.3 -X -m armelf_linux_eabi -o cmTC_912b9 /usr/local/toolchain/R328/bin/../lib/gcc/arm-openwrt-linux-gnueabi/6.4.1/../../../../arm-openwrt-linux-gnueabi/lib/crt1.o /usr/local/toolchain/R328/bin/../lib/gcc/arm-openwrt-linux-gnueabi/6.4.1/../../../../arm-openwrt-linux-gnueabi/lib/crti.o /usr/local/toolchain/R328/bin/../lib/gcc/arm-openwrt-linux-gnueabi/6.4.1/crtbegin.o -L /usr/lib -rpath-link /usr/lib -L/usr/local/toolchain/R328/bin/../lib/gcc/arm-openwrt-linux-gnueabi/6.4.1 -L/usr/local/toolchain/R328/bin/../lib/gcc -L/usr/local/toolchain/R328/bin/../lib/gcc/arm-openwrt-linux-gnueabi/6.4.1/../../../../arm-openwrt-linux-gnueabi/lib CMakeFiles/cmTC_912b9.dir/CMakeCXXCompilerABI.cpp.o -lstdc++ -lm -lgcc_s -lc -lgcc_s /usr/local/toolchain/R328/bin/../lib/gcc/arm-openwrt-linux-gnueabi/6.4.1/crtend.o /usr/local/toolchain/R328/bin/../lib/gcc/arm-openwrt-linux-gnueabi/6.4.1/../../../../arm-openwrt-linux-gnueabi/lib/crtn.o
COLLECT_GCC_OPTIONS='-v' '-rdynamic' '-o' 'cmTC_912b9' '-shared-libgcc' '-march=armv7-a' '-mfloat-abi=hard' '-mtls-dialect=gnu'
make[1]: Leaving directory '/mnt/d/blackvision/code/gatt-server/build/CMakeFiles/CMakeTmp'


Parsed CXX implicit link information from above output:
  link line regex: [^( *|.*[/\])(arm-openwrt-linux-ld|CMAKE_LINK_STARTFILE-NOTFOUND|([^/\]+-)?ld|collect2)[^/\]*( |$)]
  ignore line: [Change Dir: /mnt/d/blackvision/code/gatt-server/build/CMakeFiles/CMakeTmp]
  ignore line: []
  ignore line: [Run Build Command:"/usr/bin/make" "cmTC_912b9/fast"]
  ignore line: [/usr/bin/make -f CMakeFiles/cmTC_912b9.dir/build.make CMakeFiles/cmTC_912b9.dir/build]
  ignore line: [make[1]: Entering directory '/mnt/d/blackvision/code/gatt-server/build/CMakeFiles/CMakeTmp']
  ignore line: [Building CXX object CMakeFiles/cmTC_912b9.dir/CMakeCXXCompilerABI.cpp.o]
  ignore line: [/usr/local/toolchain/R328/bin/arm-openwrt-linux-g++  -DR328   -o CMakeFiles/cmTC_912b9.dir/CMakeCXXCompilerABI.cpp.o -c /usr/share/cmake-3.10/Modules/CMakeCXXCompilerABI.cpp]
  ignore line: [arm-openwrt-linux-gnueabi-g++.bin: warning: environment variable 'STAGING_DIR' not defined]
  ignore line: [Linking CXX executable cmTC_912b9]
  ignore line: [/usr/bin/cmake -E cmake_link_script CMakeFiles/cmTC_912b9.dir/link.txt --verbose=1]
  ignore line: [/usr/local/toolchain/R328/bin/arm-openwrt-linux-g++      -v -rdynamic CMakeFiles/cmTC_912b9.dir/CMakeCXXCompilerABI.cpp.o  -o cmTC_912b9 ]
  ignore line: [Reading specs from /usr/local/toolchain/R328/bin/../lib/gcc/arm-openwrt-linux-gnueabi/6.4.1/specs]
  ignore line: [COLLECT_GCC=arm-openwrt-linux-gnueabi-g++.bin]
  ignore line: [COLLECT_LTO_WRAPPER=/usr/local/toolchain/R328/bin/../libexec/gcc/arm-openwrt-linux-gnueabi/6.4.1/lto-wrapper]
  ignore line: [Target: arm-openwrt-linux-gnueabi]
  ignore line: [Configured with: /home/caiyongheng/tina/out/astar-parrot/compile_dir/toolchain/gcc-linaro-6.4-2017.11/configure --with-bugurl=https://dev.openwrt.org/ --with-pkgversion='OpenWrt/Linaro GCC 6.4-2017.11 2017-11' --prefix=/home/caiyongheng/tina/out/astar-parrot/staging_dir/toolchain --build=x86_64-linux-gnu --host=x86_64-linux-gnu --target=arm-openwrt-linux-gnueabi --with-gnu-ld --enable-target-optspace --enable-libgomp --disable-libmudflap --disable-multilib --disable-nls --without-isl --without-cloog --with-host-libstdcxx=-lstdc++ --with-gmp=/home/caiyongheng/tina/out/host --with-mpfr=/home/caiyongheng/tina/out/host --with-mpc=/home/caiyongheng/tina/out/host --disable-decimal-float --with-diagnostics-color=auto-if-env --enable-libssp --enable-__cxa_atexit --with-arch=armv7-a --with-float=hard --with-headers=/home/caiyongheng/tina/out/astar-parrot/staging_dir/toolchain/include --disable-libsanitizer --enable-languages=c,c++ --enable-shared --enable-threads --with-slibdir=/home/caiyongheng/tina/out/astar-parrot/staging_dir/toolchain/lib --enable-lto --with-libelf=/home/caiyongheng/tina/out/host]
  ignore line: [Thread model: posix]
  ignore line: [gcc version 6.4.1 (OpenWrt/Linaro GCC 6.4-2017.11 2017-11) ]
  ignore line: [COMPILER_PATH=/usr/local/toolchain/R328/bin/../libexec/gcc/arm-openwrt-linux-gnueabi/6.4.1/:/usr/local/toolchain/R328/bin/../libexec/gcc/:/usr/local/toolchain/R328/bin/../lib/gcc/arm-openwrt-linux-gnueabi/6.4.1/../../../../arm-openwrt-linux-gnueabi/bin/]
  ignore line: [LIBRARY_PATH=/usr/local/toolchain/R328/bin/../lib/gcc/arm-openwrt-linux-gnueabi/6.4.1/:/usr/local/toolchain/R328/bin/../lib/gcc/:/usr/local/toolchain/R328/bin/../lib/gcc/arm-openwrt-linux-gnueabi/6.4.1/../../../../arm-openwrt-linux-gnueabi/lib/]
  ignore line: [arm-openwrt-linux-gnueabi-g++.bin: warning: environment variable 'STAGING_DIR' not defined]
  ignore line: [arm-openwrt-linux-gnueabi-g++.bin: warning: environment variable 'STAGING_DIR' not defined]
  ignore line: [COLLECT_GCC_OPTIONS='-v' '-rdynamic' '-o' 'cmTC_912b9' '-shared-libgcc' '-march=armv7-a' '-mfloat-abi=hard' '-mtls-dialect=gnu']
  link line: [ /usr/local/toolchain/R328/bin/../libexec/gcc/arm-openwrt-linux-gnueabi/6.4.1/collect2 -plugin /usr/local/toolchain/R328/bin/../libexec/gcc/arm-openwrt-linux-gnueabi/6.4.1/liblto_plugin.so -plugin-opt=/usr/local/toolchain/R328/bin/../libexec/gcc/arm-openwrt-linux-gnueabi/6.4.1/lto-wrapper -plugin-opt=-fresolution=/tmp/ccdMhAEE.res -plugin-opt=-pass-through=-lgcc_s -plugin-opt=-pass-through=-lc -plugin-opt=-pass-through=-lgcc_s --eh-frame-hdr -export-dynamic -dynamic-linker /lib/ld-linux-armhf.so.3 -X -m armelf_linux_eabi -o cmTC_912b9 /usr/local/toolchain/R328/bin/../lib/gcc/arm-openwrt-linux-gnueabi/6.4.1/../../../../arm-openwrt-linux-gnueabi/lib/crt1.o /usr/local/toolchain/R328/bin/../lib/gcc/arm-openwrt-linux-gnueabi/6.4.1/../../../../arm-openwrt-linux-gnueabi/lib/crti.o /usr/local/toolchain/R328/bin/../lib/gcc/arm-openwrt-linux-gnueabi/6.4.1/crtbegin.o -L /usr/lib -rpath-link /usr/lib -L/usr/local/toolchain/R328/bin/../lib/gcc/arm-openwrt-linux-gnueabi/6.4.1 -L/usr/local/toolchain/R328/bin/../lib/gcc -L/usr/local/toolchain/R328/bin/../lib/gcc/arm-openwrt-linux-gnueabi/6.4.1/../../../../arm-openwrt-linux-gnueabi/lib CMakeFiles/cmTC_912b9.dir/CMakeCXXCompilerABI.cpp.o -lstdc++ -lm -lgcc_s -lc -lgcc_s /usr/local/toolchain/R328/bin/../lib/gcc/arm-openwrt-linux-gnueabi/6.4.1/crtend.o /usr/local/toolchain/R328/bin/../lib/gcc/arm-openwrt-linux-gnueabi/6.4.1/../../../../arm-openwrt-linux-gnueabi/lib/crtn.o]
    arg [/usr/local/toolchain/R328/bin/../libexec/gcc/arm-openwrt-linux-gnueabi/6.4.1/collect2] ==> ignore
    arg [-plugin] ==> ignore
    arg [/usr/local/toolchain/R328/bin/../libexec/gcc/arm-openwrt-linux-gnueabi/6.4.1/liblto_plugin.so] ==> ignore
    arg [-plugin-opt=/usr/local/toolchain/R328/bin/../libexec/gcc/arm-openwrt-linux-gnueabi/6.4.1/lto-wrapper] ==> ignore
    arg [-plugin-opt=-fresolution=/tmp/ccdMhAEE.res] ==> ignore
    arg [-plugin-opt=-pass-through=-lgcc_s] ==> ignore
    arg [-plugin-opt=-pass-through=-lc] ==> ignore
    arg [-plugin-opt=-pass-through=-lgcc_s] ==> ignore
    arg [--eh-frame-hdr] ==> ignore
    arg [-export-dynamic] ==> ignore
    arg [-dynamic-linker] ==> ignore
    arg [/lib/ld-linux-armhf.so.3] ==> ignore
    arg [-X] ==> ignore
    arg [-m] ==> ignore
    arg [armelf_linux_eabi] ==> ignore
    arg [-o] ==> ignore
    arg [cmTC_912b9] ==> ignore
    arg [/usr/local/toolchain/R328/bin/../lib/gcc/arm-openwrt-linux-gnueabi/6.4.1/../../../../arm-openwrt-linux-gnueabi/lib/crt1.o] ==> ignore
    arg [/usr/local/toolchain/R328/bin/../lib/gcc/arm-openwrt-linux-gnueabi/6.4.1/../../../../arm-openwrt-linux-gnueabi/lib/crti.o] ==> ignore
    arg [/usr/local/toolchain/R328/bin/../lib/gcc/arm-openwrt-linux-gnueabi/6.4.1/crtbegin.o] ==> ignore
    arg [-L/usr/lib] ==> dir [/usr/lib]
    arg [-rpath-link] ==> ignore
    arg [/usr/lib] ==> ignore
    arg [-L/usr/local/toolchain/R328/bin/../lib/gcc/arm-openwrt-linux-gnueabi/6.4.1] ==> dir [/usr/local/toolchain/R328/bin/../lib/gcc/arm-openwrt-linux-gnueabi/6.4.1]
    arg [-L/usr/local/toolchain/R328/bin/../lib/gcc] ==> dir [/usr/local/toolchain/R328/bin/../lib/gcc]
    arg [-L/usr/local/toolchain/R328/bin/../lib/gcc/arm-openwrt-linux-gnueabi/6.4.1/../../../../arm-openwrt-linux-gnueabi/lib] ==> dir [/usr/local/toolchain/R328/bin/../lib/gcc/arm-openwrt-linux-gnueabi/6.4.1/../../../../arm-openwrt-linux-gnueabi/lib]
    arg [CMakeFiles/cmTC_912b9.dir/CMakeCXXCompilerABI.cpp.o] ==> ignore
    arg [-lstdc++] ==> lib [stdc++]
    arg [-lm] ==> lib [m]
    arg [-lgcc_s] ==> lib [gcc_s]
    arg [-lc] ==> lib [c]
    arg [-lgcc_s] ==> lib [gcc_s]
    arg [/usr/local/toolchain/R328/bin/../lib/gcc/arm-openwrt-linux-gnueabi/6.4.1/crtend.o] ==> ignore
    arg [/usr/local/toolchain/R328/bin/../lib/gcc/arm-openwrt-linux-gnueabi/6.4.1/../../../../arm-openwrt-linux-gnueabi/lib/crtn.o] ==> ignore
  collapse library dir [/usr/lib] ==> [/usr/lib]
  collapse library dir [/usr/local/toolchain/R328/bin/../lib/gcc/arm-openwrt-linux-gnueabi/6.4.1] ==> [/usr/local/toolchain/R328/lib/gcc/arm-openwrt-linux-gnueabi/6.4.1]
  collapse library dir [/usr/local/toolchain/R328/bin/../lib/gcc] ==> [/usr/local/toolchain/R328/lib/gcc]
  collapse library dir [/usr/local/toolchain/R328/bin/../lib/gcc/arm-openwrt-linux-gnueabi/6.4.1/../../../../arm-openwrt-linux-gnueabi/lib] ==> [/usr/local/toolchain/R328/arm-openwrt-linux-gnueabi/lib]
  implicit libs: [stdc++;m;gcc_s;c;gcc_s]
  implicit dirs: [/usr/lib;/usr/local/toolchain/R328/lib/gcc/arm-openwrt-linux-gnueabi/6.4.1;/usr/local/toolchain/R328/lib/gcc;/usr/local/toolchain/R328/arm-openwrt-linux-gnueabi/lib]
  implicit fwks: []




Detecting CXX [-std=c++1z] compiler features compiled with the following output:
Change Dir: /mnt/d/blackvision/code/gatt-server/build/CMakeFiles/CMakeTmp

Run Build Command:"/usr/bin/make" "cmTC_2c801/fast"
/usr/bin/make -f CMakeFiles/cmTC_2c801.dir/build.make CMakeFiles/cmTC_2c801.dir/build
make[1]: Entering directory '/mnt/d/blackvision/code/gatt-server/build/CMakeFiles/CMakeTmp'
Building CXX object CMakeFiles/cmTC_2c801.dir/feature_tests.cxx.o
/usr/local/toolchain/R328/bin/arm-openwrt-linux-g++  -DR328  -std=c++1z -o CMakeFiles/cmTC_2c801.dir/feature_tests.cxx.o -c /mnt/d/blackvision/code/gatt-server/build/CMakeFiles/feature_tests.cxx
arm-openwrt-linux-gnueabi-g++.bin: warning: environment variable 'STAGING_DIR' not defined
Linking CXX executable cmTC_2c801
/usr/bin/cmake -E cmake_link_script CMakeFiles/cmTC_2c801.dir/link.txt --verbose=1
/usr/local/toolchain/R328/bin/arm-openwrt-linux-g++       -rdynamic CMakeFiles/cmTC_2c801.dir/feature_tests.cxx.o  -o cmTC_2c801 
arm-openwrt-linux-gnueabi-g++.bin: warning: environment variable 'STAGING_DIR' not defined
arm-openwrt-linux-gnueabi-g++.bin: warning: environment variable 'STAGING_DIR' not defined
make[1]: Leaving directory '/mnt/d/blackvision/code/gatt-server/build/CMakeFiles/CMakeTmp'


    Feature record: CXX_FEATURE:1cxx_aggregate_default_initializers
    Feature record: CXX_FEATURE:1cxx_alias_templates
    Feature record: CXX_FEATURE:1cxx_alignas
    Feature record: CXX_FEATURE:1cxx_alignof
    Feature record: CXX_FEATURE:1cxx_attributes
    Feature record: CXX_FEATURE:1cxx_attribute_deprecated
    Feature record: CXX_FEATURE:1cxx_auto_type
    Feature record: CXX_FEATURE:1cxx_binary_literals
    Feature record: CXX_FEATURE:1cxx_constexpr
    Feature record: CXX_FEATURE:1cxx_contextual_conversions
    Feature record: CXX_FEATURE:1cxx_decltype
    Feature record: CXX_FEATURE:1cxx_decltype_auto
    Feature record: CXX_FEATURE:1cxx_decltype_incomplete_return_types
    Feature record: CXX_FEATURE:1cxx_default_function_template_args
    Feature record: CXX_FEATURE:1cxx_defaulted_functions
    Feature record: CXX_FEATURE:1cxx_defaulted_move_initializers
    Feature record: CXX_FEATURE:1cxx_delegating_constructors
    Feature record: CXX_FEATURE:1cxx_deleted_functions
    Feature record: CXX_FEATURE:1cxx_digit_separators
    Feature record: CXX_FEATURE:1cxx_enum_forward_declarations
    Feature record: CXX_FEATURE:1cxx_explicit_conversions
    Feature record: CXX_FEATURE:1cxx_extended_friend_declarations
    Feature record: CXX_FEATURE:1cxx_extern_templates
    Feature record: CXX_FEATURE:1cxx_final
    Feature record: CXX_FEATURE:1cxx_func_identifier
    Feature record: CXX_FEATURE:1cxx_generalized_initializers
    Feature record: CXX_FEATURE:1cxx_generic_lambdas
    Feature record: CXX_FEATURE:1cxx_inheriting_constructors
    Feature record: CXX_FEATURE:1cxx_inline_namespaces
    Feature record: CXX_FEATURE:1cxx_lambdas
    Feature record: CXX_FEATURE:1cxx_lambda_init_captures
    Feature record: CXX_FEATURE:1cxx_local_type_template_args
    Feature record: CXX_FEATURE:1cxx_long_long_type
    Feature record: CXX_FEATURE:1cxx_noexcept
    Feature record: CXX_FEATURE:1cxx_nonstatic_member_init
    Feature record: CXX_FEATURE:1cxx_nullptr
    Feature record: CXX_FEATURE:1cxx_override
    Feature record: CXX_FEATURE:1cxx_range_for
    Feature record: CXX_FEATURE:1cxx_raw_string_literals
    Feature record: CXX_FEATURE:1cxx_reference_qualified_functions
    Feature record: CXX_FEATURE:1cxx_relaxed_constexpr
    Feature record: CXX_FEATURE:1cxx_return_type_deduction
    Feature record: CXX_FEATURE:1cxx_right_angle_brackets
    Feature record: CXX_FEATURE:1cxx_rvalue_references
    Feature record: CXX_FEATURE:1cxx_sizeof_member
    Feature record: CXX_FEATURE:1cxx_static_assert
    Feature record: CXX_FEATURE:1cxx_strong_enums
    Feature record: CXX_FEATURE:1cxx_template_template_parameters
    Feature record: CXX_FEATURE:1cxx_thread_local
    Feature record: CXX_FEATURE:1cxx_trailing_return_types
    Feature record: CXX_FEATURE:1cxx_unicode_literals
    Feature record: CXX_FEATURE:1cxx_uniform_initialization
    Feature record: CXX_FEATURE:1cxx_unrestricted_unions
    Feature record: CXX_FEATURE:1cxx_user_literals
    Feature record: CXX_FEATURE:1cxx_variable_templates
    Feature record: CXX_FEATURE:1cxx_variadic_macros
    Feature record: CXX_FEATURE:1cxx_variadic_templates


Detecting CXX [-std=c++14] compiler features compiled with the following output:
Change Dir: /mnt/d/blackvision/code/gatt-server/build/CMakeFiles/CMakeTmp

Run Build Command:"/usr/bin/make" "cmTC_805e4/fast"
/usr/bin/make -f CMakeFiles/cmTC_805e4.dir/build.make CMakeFiles/cmTC_805e4.dir/build
make[1]: Entering directory '/mnt/d/blackvision/code/gatt-server/build/CMakeFiles/CMakeTmp'
Building CXX object CMakeFiles/cmTC_805e4.dir/feature_tests.cxx.o
/usr/local/toolchain/R328/bin/arm-openwrt-linux-g++  -DR328  -std=c++14 -o CMakeFiles/cmTC_805e4.dir/feature_tests.cxx.o -c /mnt/d/blackvision/code/gatt-server/build/CMakeFiles/feature_tests.cxx
arm-openwrt-linux-gnueabi-g++.bin: warning: environment variable 'STAGING_DIR' not defined
Linking CXX executable cmTC_805e4
/usr/bin/cmake -E cmake_link_script CMakeFiles/cmTC_805e4.dir/link.txt --verbose=1
/usr/local/toolchain/R328/bin/arm-openwrt-linux-g++       -rdynamic CMakeFiles/cmTC_805e4.dir/feature_tests.cxx.o  -o cmTC_805e4 
arm-openwrt-linux-gnueabi-g++.bin: warning: environment variable 'STAGING_DIR' not defined
arm-openwrt-linux-gnueabi-g++.bin: warning: environment variable 'STAGING_DIR' not defined
make[1]: Leaving directory '/mnt/d/blackvision/code/gatt-server/build/CMakeFiles/CMakeTmp'


    Feature record: CXX_FEATURE:1cxx_aggregate_default_initializers
    Feature record: CXX_FEATURE:1cxx_alias_templates
    Feature record: CXX_FEATURE:1cxx_alignas
    Feature record: CXX_FEATURE:1cxx_alignof
    Feature record: CXX_FEATURE:1cxx_attributes
    Feature record: CXX_FEATURE:1cxx_attribute_deprecated
    Feature record: CXX_FEATURE:1cxx_auto_type
    Feature record: CXX_FEATURE:1cxx_binary_literals
    Feature record: CXX_FEATURE:1cxx_constexpr
    Feature record: CXX_FEATURE:1cxx_contextual_conversions
    Feature record: CXX_FEATURE:1cxx_decltype
    Feature record: CXX_FEATURE:1cxx_decltype_auto
    Feature record: CXX_FEATURE:1cxx_decltype_incomplete_return_types
    Feature record: CXX_FEATURE:1cxx_default_function_template_args
    Feature record: CXX_FEATURE:1cxx_defaulted_functions
    Feature record: CXX_FEATURE:1cxx_defaulted_move_initializers
    Feature record: CXX_FEATURE:1cxx_delegating_constructors
    Feature record: CXX_FEATURE:1cxx_deleted_functions
    Feature record: CXX_FEATURE:1cxx_digit_separators
    Feature record: CXX_FEATURE:1cxx_enum_forward_declarations
    Feature record: CXX_FEATURE:1cxx_explicit_conversions
    Feature record: CXX_FEATURE:1cxx_extended_friend_declarations
    Feature record: CXX_FEATURE:1cxx_extern_templates
    Feature record: CXX_FEATURE:1cxx_final
    Feature record: CXX_FEATURE:1cxx_func_identifier
    Feature record: CXX_FEATURE:1cxx_generalized_initializers
    Feature record: CXX_FEATURE:1cxx_generic_lambdas
    Feature record: CXX_FEATURE:1cxx_inheriting_constructors
    Feature record: CXX_FEATURE:1cxx_inline_namespaces
    Feature record: CXX_FEATURE:1cxx_lambdas
    Feature record: CXX_FEATURE:1cxx_lambda_init_captures
    Feature record: CXX_FEATURE:1cxx_local_type_template_args
    Feature record: CXX_FEATURE:1cxx_long_long_type
    Feature record: CXX_FEATURE:1cxx_noexcept
    Feature record: CXX_FEATURE:1cxx_nonstatic_member_init
    Feature record: CXX_FEATURE:1cxx_nullptr
    Feature record: CXX_FEATURE:1cxx_override
    Feature record: CXX_FEATURE:1cxx_range_for
    Feature record: CXX_FEATURE:1cxx_raw_string_literals
    Feature record: CXX_FEATURE:1cxx_reference_qualified_functions
    Feature record: CXX_FEATURE:1cxx_relaxed_constexpr
    Feature record: CXX_FEATURE:1cxx_return_type_deduction
    Feature record: CXX_FEATURE:1cxx_right_angle_brackets
    Feature record: CXX_FEATURE:1cxx_rvalue_references
    Feature record: CXX_FEATURE:1cxx_sizeof_member
    Feature record: CXX_FEATURE:1cxx_static_assert
    Feature record: CXX_FEATURE:1cxx_strong_enums
    Feature record: CXX_FEATURE:1cxx_template_template_parameters
    Feature record: CXX_FEATURE:1cxx_thread_local
    Feature record: CXX_FEATURE:1cxx_trailing_return_types
    Feature record: CXX_FEATURE:1cxx_unicode_literals
    Feature record: CXX_FEATURE:1cxx_uniform_initialization
    Feature record: CXX_FEATURE:1cxx_unrestricted_unions
    Feature record: CXX_FEATURE:1cxx_user_literals
    Feature record: CXX_FEATURE:1cxx_variable_templates
    Feature record: CXX_FEATURE:1cxx_variadic_macros
    Feature record: CXX_FEATURE:1cxx_variadic_templates


Detecting CXX [-std=c++11] compiler features compiled with the following output:
Change Dir: /mnt/d/blackvision/code/gatt-server/build/CMakeFiles/CMakeTmp

Run Build Command:"/usr/bin/make" "cmTC_79810/fast"
/usr/bin/make -f CMakeFiles/cmTC_79810.dir/build.make CMakeFiles/cmTC_79810.dir/build
make[1]: Entering directory '/mnt/d/blackvision/code/gatt-server/build/CMakeFiles/CMakeTmp'
Building CXX object CMakeFiles/cmTC_79810.dir/feature_tests.cxx.o
/usr/local/toolchain/R328/bin/arm-openwrt-linux-g++  -DR328  -std=c++11 -o CMakeFiles/cmTC_79810.dir/feature_tests.cxx.o -c /mnt/d/blackvision/code/gatt-server/build/CMakeFiles/feature_tests.cxx
arm-openwrt-linux-gnueabi-g++.bin: warning: environment variable 'STAGING_DIR' not defined
Linking CXX executable cmTC_79810
/usr/bin/cmake -E cmake_link_script CMakeFiles/cmTC_79810.dir/link.txt --verbose=1
/usr/local/toolchain/R328/bin/arm-openwrt-linux-g++       -rdynamic CMakeFiles/cmTC_79810.dir/feature_tests.cxx.o  -o cmTC_79810 
arm-openwrt-linux-gnueabi-g++.bin: warning: environment variable 'STAGING_DIR' not defined
arm-openwrt-linux-gnueabi-g++.bin: warning: environment variable 'STAGING_DIR' not defined
make[1]: Leaving directory '/mnt/d/blackvision/code/gatt-server/build/CMakeFiles/CMakeTmp'


    Feature record: CXX_FEATURE:0cxx_aggregate_default_initializers
    Feature record: CXX_FEATURE:1cxx_alias_templates
    Feature record: CXX_FEATURE:1cxx_alignas
    Feature record: CXX_FEATURE:1cxx_alignof
    Feature record: CXX_FEATURE:1cxx_attributes
    Feature record: CXX_FEATURE:0cxx_attribute_deprecated
    Feature record: CXX_FEATURE:1cxx_auto_type
    Feature record: CXX_FEATURE:0cxx_binary_literals
    Feature record: CXX_FEATURE:1cxx_constexpr
    Feature record: CXX_FEATURE:0cxx_contextual_conversions
    Feature record: CXX_FEATURE:1cxx_decltype
    Feature record: CXX_FEATURE:0cxx_decltype_auto
    Feature record: CXX_FEATURE:1cxx_decltype_incomplete_return_types
    Feature record: CXX_FEATURE:1cxx_default_function_template_args
    Feature record: CXX_FEATURE:1cxx_defaulted_functions
    Feature record: CXX_FEATURE:1cxx_defaulted_move_initializers
    Feature record: CXX_FEATURE:1cxx_delegating_constructors
    Feature record: CXX_FEATURE:1cxx_deleted_functions
    Feature record: CXX_FEATURE:0cxx_digit_separators
    Feature record: CXX_FEATURE:1cxx_enum_forward_declarations
    Feature record: CXX_FEATURE:1cxx_explicit_conversions
    Feature record: CXX_FEATURE:1cxx_extended_friend_declarations
    Feature record: CXX_FEATURE:1cxx_extern_templates
    Feature record: CXX_FEATURE:1cxx_final
    Feature record: CXX_FEATURE:1cxx_func_identifier
    Feature record: CXX_FEATURE:1cxx_generalized_initializers
    Feature record: CXX_FEATURE:0cxx_generic_lambdas
    Feature record: CXX_FEATURE:1cxx_inheriting_constructors
    Feature record: CXX_FEATURE:1cxx_inline_namespaces
    Feature record: CXX_FEATURE:1cxx_lambdas
    Feature record: CXX_FEATURE:0cxx_lambda_init_captures
    Feature record: CXX_FEATURE:1cxx_local_type_template_args
    Feature record: CXX_FEATURE:1cxx_long_long_type
    Feature record: CXX_FEATURE:1cxx_noexcept
    Feature record: CXX_FEATURE:1cxx_nonstatic_member_init
    Feature record: CXX_FEATURE:1cxx_nullptr
    Feature record: CXX_FEATURE:1cxx_override
    Feature record: CXX_FEATURE:1cxx_range_for
    Feature record: CXX_FEATURE:1cxx_raw_string_literals
    Feature record: CXX_FEATURE:1cxx_reference_qualified_functions
    Feature record: CXX_FEATURE:0cxx_relaxed_constexpr
    Feature record: CXX_FEATURE:0cxx_return_type_deduction
    Feature record: CXX_FEATURE:1cxx_right_angle_brackets
    Feature record: CXX_FEATURE:1cxx_rvalue_references
    Feature record: CXX_FEATURE:1cxx_sizeof_member
    Feature record: CXX_FEATURE:1cxx_static_assert
    Feature record: CXX_FEATURE:1cxx_strong_enums
    Feature record: CXX_FEATURE:1cxx_template_template_parameters
    Feature record: CXX_FEATURE:1cxx_thread_local
    Feature record: CXX_FEATURE:1cxx_trailing_return_types
    Feature record: CXX_FEATURE:1cxx_unicode_literals
    Feature record: CXX_FEATURE:1cxx_uniform_initialization
    Feature record: CXX_FEATURE:1cxx_unrestricted_unions
    Feature record: CXX_FEATURE:1cxx_user_literals
    Feature record: CXX_FEATURE:0cxx_variable_templates
    Feature record: CXX_FEATURE:1cxx_variadic_macros
    Feature record: CXX_FEATURE:1cxx_variadic_templates


Detecting CXX [-std=c++98] compiler features compiled with the following output:
Change Dir: /mnt/d/blackvision/code/gatt-server/build/CMakeFiles/CMakeTmp

Run Build Command:"/usr/bin/make" "cmTC_dbab3/fast"
/usr/bin/make -f CMakeFiles/cmTC_dbab3.dir/build.make CMakeFiles/cmTC_dbab3.dir/build
make[1]: Entering directory '/mnt/d/blackvision/code/gatt-server/build/CMakeFiles/CMakeTmp'
Building CXX object CMakeFiles/cmTC_dbab3.dir/feature_tests.cxx.o
/usr/local/toolchain/R328/bin/arm-openwrt-linux-g++  -DR328  -std=c++98 -o CMakeFiles/cmTC_dbab3.dir/feature_tests.cxx.o -c /mnt/d/blackvision/code/gatt-server/build/CMakeFiles/feature_tests.cxx
arm-openwrt-linux-gnueabi-g++.bin: warning: environment variable 'STAGING_DIR' not defined
Linking CXX executable cmTC_dbab3
/usr/bin/cmake -E cmake_link_script CMakeFiles/cmTC_dbab3.dir/link.txt --verbose=1
/usr/local/toolchain/R328/bin/arm-openwrt-linux-g++       -rdynamic CMakeFiles/cmTC_dbab3.dir/feature_tests.cxx.o  -o cmTC_dbab3 
arm-openwrt-linux-gnueabi-g++.bin: warning: environment variable 'STAGING_DIR' not defined
arm-openwrt-linux-gnueabi-g++.bin: warning: environment variable 'STAGING_DIR' not defined
make[1]: Leaving directory '/mnt/d/blackvision/code/gatt-server/build/CMakeFiles/CMakeTmp'


    Feature record: CXX_FEATURE:0cxx_aggregate_default_initializers
    Feature record: CXX_FEATURE:0cxx_alias_templates
    Feature record: CXX_FEATURE:0cxx_alignas
    Feature record: CXX_FEATURE:0cxx_alignof
    Feature record: CXX_FEATURE:0cxx_attributes
    Feature record: CXX_FEATURE:0cxx_attribute_deprecated
    Feature record: CXX_FEATURE:0cxx_auto_type
    Feature record: CXX_FEATURE:0cxx_binary_literals
    Feature record: CXX_FEATURE:0cxx_constexpr
    Feature record: CXX_FEATURE:0cxx_contextual_conversions
    Feature record: CXX_FEATURE:0cxx_decltype
    Feature record: CXX_FEATURE:0cxx_decltype_auto
    Feature record: CXX_FEATURE:0cxx_decltype_incomplete_return_types
    Feature record: CXX_FEATURE:0cxx_default_function_template_args
    Feature record: CXX_FEATURE:0cxx_defaulted_functions
    Feature record: CXX_FEATURE:0cxx_defaulted_move_initializers
    Feature record: CXX_FEATURE:0cxx_delegating_constructors
    Feature record: CXX_FEATURE:0cxx_deleted_functions
    Feature record: CXX_FEATURE:0cxx_digit_separators
    Feature record: CXX_FEATURE:0cxx_enum_forward_declarations
    Feature record: CXX_FEATURE:0cxx_explicit_conversions
    Feature record: CXX_FEATURE:0cxx_extended_friend_declarations
    Feature record: CXX_FEATURE:0cxx_extern_templates
    Feature record: CXX_FEATURE:0cxx_final
    Feature record: CXX_FEATURE:0cxx_func_identifier
    Feature record: CXX_FEATURE:0cxx_generalized_initializers
    Feature record: CXX_FEATURE:0cxx_generic_lambdas
    Feature record: CXX_FEATURE:0cxx_inheriting_constructors
    Feature record: CXX_FEATURE:0cxx_inline_namespaces
    Feature record: CXX_FEATURE:0cxx_lambdas
    Feature record: CXX_FEATURE:0cxx_lambda_init_captures
    Feature record: CXX_FEATURE:0cxx_local_type_template_args
    Feature record: CXX_FEATURE:0cxx_long_long_type
    Feature record: CXX_FEATURE:0cxx_noexcept
    Feature record: CXX_FEATURE:0cxx_nonstatic_member_init
    Feature record: CXX_FEATURE:0cxx_nullptr
    Feature record: CXX_FEATURE:0cxx_override
    Feature record: CXX_FEATURE:0cxx_range_for
    Feature record: CXX_FEATURE:0cxx_raw_string_literals
    Feature record: CXX_FEATURE:0cxx_reference_qualified_functions
    Feature record: CXX_FEATURE:0cxx_relaxed_constexpr
    Feature record: CXX_FEATURE:0cxx_return_type_deduction
    Feature record: CXX_FEATURE:0cxx_right_angle_brackets
    Feature record: CXX_FEATURE:0cxx_rvalue_references
    Feature record: CXX_FEATURE:0cxx_sizeof_member
    Feature record: CXX_FEATURE:0cxx_static_assert
    Feature record: CXX_FEATURE:0cxx_strong_enums
    Feature record: CXX_FEATURE:1cxx_template_template_parameters
    Feature record: CXX_FEATURE:0cxx_thread_local
    Feature record: CXX_FEATURE:0cxx_trailing_return_types
    Feature record: CXX_FEATURE:0cxx_unicode_literals
    Feature record: CXX_FEATURE:0cxx_uniform_initialization
    Feature record: CXX_FEATURE:0cxx_unrestricted_unions
    Feature record: CXX_FEATURE:0cxx_user_literals
    Feature record: CXX_FEATURE:0cxx_variable_templates
    Feature record: CXX_FEATURE:0cxx_variadic_macros
    Feature record: CXX_FEATURE:0cxx_variadic_templates
